<?xml version="1.0" encoding="UTF-8"?>
<!-- Generated by org.testng.reporters.JUnitXMLReporter -->
<testsuite ignored="1" hostname="LIN25007138" failures="0" tests="2" name="SubmitOrderTest" time="32.713" errors="0" timestamp="2022-12-21T12:47:22 IST">
  <testcase classname="TestComponent.SubmitOrderTestNG" name="submitOrder" time="14.11"/>
  <testcase classname="TestComponent.SubmitOrderTestNG" name="submitOrder" time="14.159"/>
  <testcase classname="TestComponent.SubmitOrderTestNG" name="VerifyOrderMatch" time="0.0">
    <ignored/>
  </testcase> <!-- VerifyOrderMatch -->
</testsuite> <!-- SubmitOrderTest -->
