<?xml version="1.0" encoding="UTF-8"?>
<!-- Generated by org.testng.reporters.JUnitXMLReporter -->
<testsuite ignored="2" hostname="LIN25007138" failures="0" tests="0" time="0.009" errors="0" timestamp="2022-12-21T12:46:50 IST">
  <testcase classname="TestComponent.ErrorValidation" name="MatchingProduct" time="0.0">
    <ignored/>
  </testcase> <!-- MatchingProduct -->
  <testcase classname="TestComponent.ErrorValidation" name="loginErrorValidation" time="0.0">
    <ignored/>
  </testcase> <!-- loginErrorValidation -->
</testsuite>
